<?xml version="1.0" encoding="UTF-8"?>
<testng-results ignored="0" total="1" passed="1" failed="0" skipped="0">
  <reporter-output>
  </reporter-output>
  <suite started-at="2022-03-23T11:23:01 IST" name="Default suite" finished-at="2022-03-23T11:23:29 IST" duration-ms="28535">
    <groups>
    </groups>
    <test started-at="2022-03-23T11:23:01 IST" name="Default test" finished-at="2022-03-23T11:23:29 IST" duration-ms="28535">
      <class name="test.RahulShetty_page">
        <test-method is-config="true" signature="beforeMethod()[pri:0, instance:test.RahulShetty_page@53fdffa1]" started-at="2022-03-23T11:23:01 IST" name="beforeMethod" finished-at="2022-03-23T11:23:06 IST" duration-ms="5443" status="PASS">
          <reporter-output>
          </reporter-output>
        </test-method> <!-- beforeMethod -->
        <test-method signature="f()[pri:0, instance:test.RahulShetty_page@53fdffa1]" started-at="2022-03-23T11:23:06 IST" name="f" finished-at="2022-03-23T11:23:29 IST" duration-ms="22956" status="PASS">
          <reporter-output>
          </reporter-output>
        </test-method> <!-- f -->
        <test-method is-config="true" signature="afterMethod()[pri:0, instance:test.RahulShetty_page@53fdffa1]" started-at="2022-03-23T11:23:29 IST" name="afterMethod" finished-at="2022-03-23T11:23:29 IST" duration-ms="1" status="PASS">
          <reporter-output>
          </reporter-output>
        </test-method> <!-- afterMethod -->
      </class> <!-- test.RahulShetty_page -->
    </test> <!-- Default test -->
  </suite> <!-- Default suite -->
</testng-results>
